2014-11-21 21:28:03,676:676.913022995 - ubuntu_sso.utils.translation - WARNING - Translations not found, using null translator.
2014-11-21 21:28:03,927:927.975893021 - ubuntu_sso.main - INFO - Setting up Ubuntu SSO service.
2014-11-21 21:28:04,111:111.792087555 - ubuntu_sso.main - INFO - Ubuntu SSO service started.
2014-11-21 21:28:04,111:111.994028091 - ubuntu_sso.account - INFO - Creating a new SSO access layer for service url u'https://login.ubuntu.com/api/1.0/'
2014-11-21 21:28:04,129:129.018068314 - ubuntu_sso.credentials - INFO - find_credentials: self.app_name dbus.String(u'Ubuntu One'), result is {}? True
2014-11-21 21:28:04,129:129.448890686 - ubuntu_sso.main - INFO - 'CredentialsManagement': emitting 'CredentialsNotFound' with args (dbus.String(u'Ubuntu One'),) and kwargs {}
2014-11-21 21:28:10,462:462.899923325 - ubuntu_sso.credentials - INFO - find_credentials: self.app_name dbus.String(u'Ubuntu One'), result is {}? True
2014-11-21 21:28:10,463:463.129043579 - ubuntu_sso.main - INFO - 'CredentialsManagement': emitting 'CredentialsNotFound' with args (dbus.String(u'Ubuntu One'),) and kwargs {}
2014-11-21 21:28:14,134:134.428024292 - ubuntu_sso.main - INFO - Shutting down, calling <function shutdown_func at 0x7fb0e74f7398>.
2014-11-21 16:15:43,479:479.672908783 - ubuntu_sso.utils.translation - WARNING - Translations not found, using null translator.
2014-11-21 16:15:43,499:499.842882156 - ubuntu_sso.main - INFO - Setting up Ubuntu SSO service.
2014-11-21 16:15:43,507:507.508993149 - ubuntu_sso.main - INFO - Ubuntu SSO service started.
2014-11-21 16:15:43,507:507.980108261 - ubuntu_sso.account - INFO - Creating a new SSO access layer for service url u'https://login.ubuntu.com/api/1.0/'
2014-11-21 16:15:43,523:523.391962051 - ubuntu_sso.credentials - INFO - find_credentials: self.app_name dbus.String(u'Ubuntu One'), result is {}? True
2014-11-21 16:15:43,523:523.636102676 - ubuntu_sso.main - INFO - 'CredentialsManagement': emitting 'CredentialsNotFound' with args (dbus.String(u'Ubuntu One'),) and kwargs {}
2014-11-21 16:15:53,533:533.301115036 - ubuntu_sso.main - INFO - Shutting down, calling <function shutdown_func at 0x7ff74f2d4398>.
2014-11-21 16:15:56,456:456.562995911 - ubuntu_sso.utils.translation - WARNING - Translations not found, using null translator.
2014-11-21 16:15:56,487:487.972021103 - ubuntu_sso.main - INFO - Setting up Ubuntu SSO service.
2014-11-21 16:15:56,496:496.845006943 - ubuntu_sso.main - INFO - Ubuntu SSO service started.
2014-11-21 16:15:56,497:497.116088867 - ubuntu_sso.account - INFO - Creating a new SSO access layer for service url u'https://login.ubuntu.com/api/1.0/'
2014-11-21 16:15:56,512:512.727022171 - ubuntu_sso.credentials - INFO - find_credentials: self.app_name dbus.String(u'Ubuntu One'), result is {}? True
2014-11-21 16:15:56,513:513.024091721 - ubuntu_sso.main - INFO - 'CredentialsManagement': emitting 'CredentialsNotFound' with args (dbus.String(u'Ubuntu One'),) and kwargs {}
2014-11-21 16:16:06,522:522.672891617 - ubuntu_sso.main - INFO - Shutting down, calling <function shutdown_func at 0x7fd1e99db398>.
2014-11-21 16:18:49,232:232.011079788 - ubuntu_sso.utils.translation - WARNING - Translations not found, using null translator.
2014-11-21 16:18:49,252:252.361059189 - ubuntu_sso.main - INFO - Setting up Ubuntu SSO service.
2014-11-21 16:18:49,258:258.285999298 - ubuntu_sso.main - INFO - Ubuntu SSO service started.
2014-11-21 16:18:49,258:258.569955826 - ubuntu_sso.account - INFO - Creating a new SSO access layer for service url u'https://login.ubuntu.com/api/1.0/'
2014-11-21 16:18:49,267:267.599105835 - ubuntu_sso.credentials - INFO - find_credentials: self.app_name dbus.String(u'Ubuntu Software Center'), result is {}? True
2014-11-21 16:18:49,267:267.937898636 - ubuntu_sso.main - INFO - 'CredentialsManagement': emitting 'CredentialsNotFound' with args (dbus.String(u'Ubuntu Software Center'),) and kwargs {}
2014-11-21 16:18:59,277:277.565956116 - ubuntu_sso.main - INFO - Shutting down, calling <function shutdown_func at 0x7fc5c3708398>.
2014-11-21 16:23:49,462:462.1489048 - ubuntu_sso.utils.translation - WARNING - Translations not found, using null translator.
2014-11-21 16:23:49,585:585.321903229 - ubuntu_sso.main - INFO - Setting up Ubuntu SSO service.
2014-11-21 16:23:49,665:665.563106537 - ubuntu_sso.main - INFO - Ubuntu SSO service started.
2014-11-21 16:23:49,666:666.148900986 - ubuntu_sso.account - INFO - Creating a new SSO access layer for service url u'https://login.ubuntu.com/api/1.0/'
2014-11-21 16:23:49,705:705.678939819 - ubuntu_sso.credentials - INFO - find_credentials: self.app_name dbus.String(u'Ubuntu Software Center'), result is {}? True
2014-11-21 16:23:49,706:706.017017365 - ubuntu_sso.main - INFO - 'CredentialsManagement': emitting 'CredentialsNotFound' with args (dbus.String(u'Ubuntu Software Center'),) and kwargs {}
2014-11-21 16:23:59,715:715.827941895 - ubuntu_sso.main - INFO - Shutting down, calling <function shutdown_func at 0x7f9b7e529398>.
2014-11-21 16:42:45,594:594.209909439 - ubuntu_sso.utils.translation - WARNING - Translations not found, using null translator.
2014-11-21 16:42:45,764:764.78600502 - ubuntu_sso.main - INFO - Setting up Ubuntu SSO service.
2014-11-21 16:42:45,795:795.000076294 - ubuntu_sso.main - INFO - Ubuntu SSO service started.
2014-11-21 16:42:45,795:795.334100723 - ubuntu_sso.account - INFO - Creating a new SSO access layer for service url u'https://login.ubuntu.com/api/1.0/'
2014-11-21 16:42:45,819:819.802999496 - ubuntu_sso.credentials - INFO - find_credentials: self.app_name dbus.String(u'Ubuntu Software Center'), result is {}? True
2014-11-21 16:42:45,820:820.149898529 - ubuntu_sso.main - INFO - 'CredentialsManagement': emitting 'CredentialsNotFound' with args (dbus.String(u'Ubuntu Software Center'),) and kwargs {}
2014-11-21 16:42:55,831:831.263065338 - ubuntu_sso.main - INFO - Shutting down, calling <function shutdown_func at 0x7f264987a398>.
2014-11-21 16:47:48,114:114.470005035 - ubuntu_sso.utils.translation - WARNING - Translations not found, using null translator.
2014-11-21 16:47:48,383:383.538961411 - ubuntu_sso.main - INFO - Setting up Ubuntu SSO service.
2014-11-21 16:47:48,412:412.823915482 - ubuntu_sso.main - INFO - Ubuntu SSO service started.
2014-11-21 16:47:48,413:413.094997406 - ubuntu_sso.account - INFO - Creating a new SSO access layer for service url u'https://login.ubuntu.com/api/1.0/'
2014-11-21 16:47:48,424:424.048900604 - ubuntu_sso.credentials - INFO - find_credentials: self.app_name dbus.String(u'Ubuntu Software Center'), result is {}? True
2014-11-21 16:47:48,424:424.376964569 - ubuntu_sso.main - INFO - 'CredentialsManagement': emitting 'CredentialsNotFound' with args (dbus.String(u'Ubuntu Software Center'),) and kwargs {}
2014-11-21 16:47:58,449:449.573993683 - ubuntu_sso.main - INFO - Shutting down, calling <function shutdown_func at 0x7f44f6914398>.
2014-11-21 16:52:46,698:698.103904724 - ubuntu_sso.utils.translation - WARNING - Translations not found, using null translator.
2014-11-21 16:52:46,857:857.532978058 - ubuntu_sso.main - INFO - Setting up Ubuntu SSO service.
2014-11-21 16:52:46,875:875.581979752 - ubuntu_sso.main - INFO - Ubuntu SSO service started.
2014-11-21 16:52:46,875:875.81205368 - ubuntu_sso.account - INFO - Creating a new SSO access layer for service url u'https://login.ubuntu.com/api/1.0/'
2014-11-21 16:52:46,881:881.747961044 - ubuntu_sso.credentials - INFO - find_credentials: self.app_name dbus.String(u'Ubuntu Software Center'), result is {}? True
2014-11-21 16:52:46,881:881.977081299 - ubuntu_sso.main - INFO - 'CredentialsManagement': emitting 'CredentialsNotFound' with args (dbus.String(u'Ubuntu Software Center'),) and kwargs {}
2014-11-21 16:52:56,900:900.377988815 - ubuntu_sso.main - INFO - Shutting down, calling <function shutdown_func at 0x7fd8023ec398>.
2014-11-22 11:40:23,141:141.254901886 - ubuntu_sso.utils.translation - WARNING - Translations not found, using null translator.
2014-11-22 11:40:23,428:428.833007812 - ubuntu_sso.main - INFO - Setting up Ubuntu SSO service.
2014-11-22 11:40:23,605:605.95703125 - ubuntu_sso.main - INFO - Ubuntu SSO service started.
2014-11-22 11:40:23,606:606.421947479 - ubuntu_sso.account - INFO - Creating a new SSO access layer for service url u'https://login.ubuntu.com/api/1.0/'
2014-11-22 11:40:23,637:637.305021286 - ubuntu_sso.credentials - INFO - find_credentials: self.app_name dbus.String(u'Ubuntu One'), result is {}? True
2014-11-22 11:40:23,637:637.862920761 - ubuntu_sso.main - INFO - 'CredentialsManagement': emitting 'CredentialsNotFound' with args (dbus.String(u'Ubuntu One'),) and kwargs {}
2014-11-22 11:40:33,647:647.197961807 - ubuntu_sso.main - INFO - Shutting down, calling <function shutdown_func at 0x7f3b65113398>.
2014-11-22 11:40:35,464:464.268922806 - ubuntu_sso.utils.translation - WARNING - Translations not found, using null translator.
2014-11-22 11:40:35,483:483.21390152 - ubuntu_sso.main - INFO - Setting up Ubuntu SSO service.
2014-11-22 11:40:35,490:490.343093872 - ubuntu_sso.main - INFO - Ubuntu SSO service started.
2014-11-22 11:40:35,490:490.562915802 - ubuntu_sso.account - INFO - Creating a new SSO access layer for service url u'https://login.ubuntu.com/api/1.0/'
2014-11-22 11:40:35,505:505.162000656 - ubuntu_sso.credentials - INFO - find_credentials: self.app_name dbus.String(u'Ubuntu One'), result is {}? True
2014-11-22 11:40:35,505:505.511045456 - ubuntu_sso.main - INFO - 'CredentialsManagement': emitting 'CredentialsNotFound' with args (dbus.String(u'Ubuntu One'),) and kwargs {}
2014-11-22 11:40:45,515:515.418052673 - ubuntu_sso.main - INFO - Shutting down, calling <function shutdown_func at 0x7ff6fc3c6398>.
2014-11-22 12:27:12,820:820.660114288 - ubuntu_sso.utils.translation - WARNING - Translations not found, using null translator.
2014-11-22 12:27:13,137:137.557029724 - ubuntu_sso.main - INFO - Setting up Ubuntu SSO service.
2014-11-22 12:27:13,268:268.510103226 - ubuntu_sso.main - INFO - Ubuntu SSO service started.
2014-11-22 12:27:13,269:269.103050232 - ubuntu_sso.account - INFO - Creating a new SSO access layer for service url u'https://login.ubuntu.com/api/1.0/'
2014-11-22 12:27:13,293:293.034076691 - ubuntu_sso.credentials - INFO - find_credentials: self.app_name dbus.String(u'Ubuntu Software Center'), result is {}? True
2014-11-22 12:27:13,293:293.267011642 - ubuntu_sso.main - INFO - 'CredentialsManagement': emitting 'CredentialsNotFound' with args (dbus.String(u'Ubuntu Software Center'),) and kwargs {}
2014-11-22 12:27:23,304:304.270982742 - ubuntu_sso.main - INFO - Shutting down, calling <function shutdown_func at 0x7fa21d29d398>.
2014-11-22 12:35:44,110:110.299110413 - ubuntu_sso.utils.translation - WARNING - Translations not found, using null translator.
2014-11-22 12:35:44,128:128.896951675 - ubuntu_sso.main - INFO - Setting up Ubuntu SSO service.
2014-11-22 12:35:44,136:136.986017227 - ubuntu_sso.main - INFO - Ubuntu SSO service started.
2014-11-22 12:35:44,137:137.238025665 - ubuntu_sso.account - INFO - Creating a new SSO access layer for service url u'https://login.ubuntu.com/api/1.0/'
2014-11-22 12:35:44,149:149.157047272 - ubuntu_sso.credentials - INFO - find_credentials: self.app_name dbus.String(u'Ubuntu Software Center'), result is {}? True
2014-11-22 12:35:44,149:149.467945099 - ubuntu_sso.main - INFO - 'CredentialsManagement': emitting 'CredentialsNotFound' with args (dbus.String(u'Ubuntu Software Center'),) and kwargs {}
2014-11-22 12:35:54,159:159.440040588 - ubuntu_sso.main - INFO - Shutting down, calling <function shutdown_func at 0x7ff0ef73c398>.
2014-11-22 14:08:04,510:510.293960571 - ubuntu_sso.utils.translation - WARNING - Translations not found, using null translator.
2014-11-22 14:08:04,781:781.327009201 - ubuntu_sso.main - INFO - Setting up Ubuntu SSO service.
2014-11-22 14:08:04,955:955.992937088 - ubuntu_sso.main - INFO - Ubuntu SSO service started.
2014-11-22 14:08:04,956:956.4640522 - ubuntu_sso.account - INFO - Creating a new SSO access layer for service url u'https://login.ubuntu.com/api/1.0/'
2014-11-22 14:08:04,975:975.786924362 - ubuntu_sso.credentials - INFO - find_credentials: self.app_name dbus.String(u'Ubuntu One'), result is {}? True
2014-11-22 14:08:04,976:976.455926895 - ubuntu_sso.main - INFO - 'CredentialsManagement': emitting 'CredentialsNotFound' with args (dbus.String(u'Ubuntu One'),) and kwargs {}
2014-11-22 14:08:12,985:985.766887665 - ubuntu_sso.credentials - INFO - find_credentials: self.app_name dbus.String(u'Ubuntu One'), result is {}? True
2014-11-22 14:08:12,986:986.068964005 - ubuntu_sso.main - INFO - 'CredentialsManagement': emitting 'CredentialsNotFound' with args (dbus.String(u'Ubuntu One'),) and kwargs {}
2014-11-22 14:08:14,979:979.598045349 - ubuntu_sso.main - INFO - Shutting down, calling <function shutdown_func at 0x7f7ef980d398>.
2014-11-22 15:39:10,854:854.665994644 - ubuntu_sso.utils.translation - WARNING - Translations not found, using null translator.
2014-11-22 15:39:11,137:137.686014175 - ubuntu_sso.main - INFO - Setting up Ubuntu SSO service.
2014-11-22 15:39:11,300:300.529956818 - ubuntu_sso.main - INFO - Ubuntu SSO service started.
2014-11-22 15:39:11,301:301.065921783 - ubuntu_sso.account - INFO - Creating a new SSO access layer for service url u'https://login.ubuntu.com/api/1.0/'
2014-11-22 15:39:11,318:318.155050278 - ubuntu_sso.credentials - INFO - find_credentials: self.app_name dbus.String(u'Ubuntu One'), result is {}? True
2014-11-22 15:39:11,318:318.386077881 - ubuntu_sso.main - INFO - 'CredentialsManagement': emitting 'CredentialsNotFound' with args (dbus.String(u'Ubuntu One'),) and kwargs {}
2014-11-22 15:39:21,329:329.044103622 - ubuntu_sso.main - INFO - Shutting down, calling <function shutdown_func at 0x7fbe0a485398>.
2014-11-22 15:39:24,192:192.640066147 - ubuntu_sso.utils.translation - WARNING - Translations not found, using null translator.
2014-11-22 15:39:24,211:211.412906647 - ubuntu_sso.main - INFO - Setting up Ubuntu SSO service.
2014-11-22 15:39:24,219:219.91610527 - ubuntu_sso.main - INFO - Ubuntu SSO service started.
2014-11-22 15:39:24,220:220.365047455 - ubuntu_sso.account - INFO - Creating a new SSO access layer for service url u'https://login.ubuntu.com/api/1.0/'
2014-11-22 15:39:24,240:240.72599411 - ubuntu_sso.credentials - INFO - find_credentials: self.app_name dbus.String(u'Ubuntu One'), result is {}? True
2014-11-22 15:39:24,241:241.15395546 - ubuntu_sso.main - INFO - 'CredentialsManagement': emitting 'CredentialsNotFound' with args (dbus.String(u'Ubuntu One'),) and kwargs {}
2014-11-22 15:39:34,251:251.09910965 - ubuntu_sso.main - INFO - Shutting down, calling <function shutdown_func at 0x7f5f377ca398>.
2014-11-22 15:39:46,992:992.702960968 - ubuntu_sso.utils.translation - WARNING - Translations not found, using null translator.
2014-11-22 15:39:47,011:11.3708972931 - ubuntu_sso.main - INFO - Setting up Ubuntu SSO service.
2014-11-22 15:39:47,015:15.9931182861 - ubuntu_sso.main - INFO - Ubuntu SSO service started.
2014-11-22 15:39:47,016:16.252040863 - ubuntu_sso.account - INFO - Creating a new SSO access layer for service url u'https://login.ubuntu.com/api/1.0/'
2014-11-22 15:39:47,031:31.5229892731 - ubuntu_sso.credentials - INFO - find_credentials: self.app_name dbus.String(u'Ubuntu Software Center'), result is {}? True
2014-11-22 15:39:47,031:31.8830013275 - ubuntu_sso.main - INFO - 'CredentialsManagement': emitting 'CredentialsNotFound' with args (dbus.String(u'Ubuntu Software Center'),) and kwargs {}
2014-11-22 15:39:57,041:41.6970252991 - ubuntu_sso.main - INFO - Shutting down, calling <function shutdown_func at 0x7f6412ff3398>.
2014-11-22 15:44:47,844:844.99502182 - ubuntu_sso.utils.translation - WARNING - Translations not found, using null translator.
2014-11-22 15:44:47,863:863.846063614 - ubuntu_sso.main - INFO - Setting up Ubuntu SSO service.
2014-11-22 15:44:47,871:871.747016907 - ubuntu_sso.main - INFO - Ubuntu SSO service started.
2014-11-22 15:44:47,872:872.256040573 - ubuntu_sso.account - INFO - Creating a new SSO access layer for service url u'https://login.ubuntu.com/api/1.0/'
2014-11-22 15:44:47,886:886.938095093 - ubuntu_sso.credentials - INFO - find_credentials: self.app_name dbus.String(u'Ubuntu Software Center'), result is {}? True
2014-11-22 15:44:47,887:887.501001358 - ubuntu_sso.main - INFO - 'CredentialsManagement': emitting 'CredentialsNotFound' with args (dbus.String(u'Ubuntu Software Center'),) and kwargs {}
2014-11-22 15:44:57,897:897.680997849 - ubuntu_sso.main - INFO - Shutting down, calling <function shutdown_func at 0x7f0da0cb7398>.
2014-11-22 16:21:07,888:888.394117355 - ubuntu_sso.utils.translation - WARNING - Translations not found, using null translator.
2014-11-22 16:21:07,909:909.295082092 - ubuntu_sso.main - INFO - Setting up Ubuntu SSO service.
2014-11-22 16:21:07,916:916.874885559 - ubuntu_sso.main - INFO - Ubuntu SSO service started.
2014-11-22 16:21:07,917:917.07611084 - ubuntu_sso.account - INFO - Creating a new SSO access layer for service url u'https://login.ubuntu.com/api/1.0/'
2014-11-22 16:21:07,933:933.355093002 - ubuntu_sso.credentials - INFO - find_credentials: self.app_name dbus.String(u'Ubuntu One'), result is {}? True
2014-11-22 16:21:07,933:933.689117432 - ubuntu_sso.main - INFO - 'CredentialsManagement': emitting 'CredentialsNotFound' with args (dbus.String(u'Ubuntu One'),) and kwargs {}
2014-11-22 16:21:12,924:924.396038055 - ubuntu_sso.credentials - INFO - find_credentials: self.app_name dbus.String(u'Ubuntu One'), result is {}? True
2014-11-22 16:21:12,924:924.957990646 - ubuntu_sso.main - INFO - 'CredentialsManagement': emitting 'CredentialsNotFound' with args (dbus.String(u'Ubuntu One'),) and kwargs {}
2014-11-22 16:21:17,937:937.028884888 - ubuntu_sso.main - INFO - Shutting down, calling <function shutdown_func at 0x7f062c973398>.
2014-11-22 16:21:44,961:961.9140625 - ubuntu_sso.utils.translation - WARNING - Translations not found, using null translator.
2014-11-22 16:21:44,981:981.780052185 - ubuntu_sso.main - INFO - Setting up Ubuntu SSO service.
2014-11-22 16:21:44,987:987.551927567 - ubuntu_sso.main - INFO - Ubuntu SSO service started.
2014-11-22 16:21:44,987:987.837076187 - ubuntu_sso.account - INFO - Creating a new SSO access layer for service url u'https://login.ubuntu.com/api/1.0/'
2014-11-22 16:21:44,994:994.270086288 - ubuntu_sso.credentials - INFO - find_credentials: self.app_name dbus.String(u'Ubuntu Software Center'), result is {}? True
2014-11-22 16:21:44,994:994.50802803 - ubuntu_sso.main - INFO - 'CredentialsManagement': emitting 'CredentialsNotFound' with args (dbus.String(u'Ubuntu Software Center'),) and kwargs {}
2014-11-22 16:21:55,004:4.16588783264 - ubuntu_sso.main - INFO - Shutting down, calling <function shutdown_func at 0x7f73c741d398>.
2014-11-22 16:26:45,849:849.711894989 - ubuntu_sso.utils.translation - WARNING - Translations not found, using null translator.
2014-11-22 16:26:45,868:868.594884872 - ubuntu_sso.main - INFO - Setting up Ubuntu SSO service.
2014-11-22 16:26:45,876:876.6310215 - ubuntu_sso.main - INFO - Ubuntu SSO service started.
2014-11-22 16:26:45,876:876.929044724 - ubuntu_sso.account - INFO - Creating a new SSO access layer for service url u'https://login.ubuntu.com/api/1.0/'
2014-11-22 16:26:45,887:887.950897217 - ubuntu_sso.credentials - INFO - find_credentials: self.app_name dbus.String(u'Ubuntu Software Center'), result is {}? True
2014-11-22 16:26:45,888:888.340950012 - ubuntu_sso.main - INFO - 'CredentialsManagement': emitting 'CredentialsNotFound' with args (dbus.String(u'Ubuntu Software Center'),) and kwargs {}
2014-11-22 16:26:55,898:898.25797081 - ubuntu_sso.main - INFO - Shutting down, calling <function shutdown_func at 0x7fe1946ac398>.
2014-11-22 23:41:55,963:963.033914566 - ubuntu_sso.utils.translation - WARNING - Translations not found, using null translator.
2014-11-22 23:41:56,198:198.55594635 - ubuntu_sso.main - INFO - Setting up Ubuntu SSO service.
2014-11-22 23:41:56,226:226.43494606 - ubuntu_sso.main - INFO - Ubuntu SSO service started.
2014-11-22 23:41:56,226:226.804971695 - ubuntu_sso.account - INFO - Creating a new SSO access layer for service url u'https://login.ubuntu.com/api/1.0/'
2014-11-22 23:41:56,242:242.065906525 - ubuntu_sso.credentials - INFO - find_credentials: self.app_name dbus.String(u'Ubuntu Software Center'), result is {}? True
2014-11-22 23:41:56,242:242.675065994 - ubuntu_sso.main - INFO - 'CredentialsManagement': emitting 'CredentialsNotFound' with args (dbus.String(u'Ubuntu Software Center'),) and kwargs {}
2014-11-22 23:42:06,254:254.127979279 - ubuntu_sso.main - INFO - Shutting down, calling <function shutdown_func at 0x7f837f1c9398>.
2014-11-22 23:46:56,273:273.482084274 - ubuntu_sso.utils.translation - WARNING - Translations not found, using null translator.
2014-11-22 23:46:56,293:293.044090271 - ubuntu_sso.main - INFO - Setting up Ubuntu SSO service.
2014-11-22 23:46:56,302:302.24609375 - ubuntu_sso.main - INFO - Ubuntu SSO service started.
2014-11-22 23:46:56,302:302.509069443 - ubuntu_sso.account - INFO - Creating a new SSO access layer for service url u'https://login.ubuntu.com/api/1.0/'
2014-11-22 23:46:56,314:314.126014709 - ubuntu_sso.credentials - INFO - find_credentials: self.app_name dbus.String(u'Ubuntu Software Center'), result is {}? True
2014-11-22 23:46:56,314:314.661026001 - ubuntu_sso.main - INFO - 'CredentialsManagement': emitting 'CredentialsNotFound' with args (dbus.String(u'Ubuntu Software Center'),) and kwargs {}
2014-11-22 23:47:06,324:324.726104736 - ubuntu_sso.main - INFO - Shutting down, calling <function shutdown_func at 0x7f372878f398>.
2014-11-23 10:42:43,270:270.529985428 - ubuntu_sso.utils.translation - WARNING - Translations not found, using null translator.
2014-11-23 10:42:43,588:588.510036469 - ubuntu_sso.main - INFO - Setting up Ubuntu SSO service.
2014-11-23 10:42:43,695:695.389032364 - ubuntu_sso.main - INFO - Ubuntu SSO service started.
2014-11-23 10:42:43,695:695.780992508 - ubuntu_sso.account - INFO - Creating a new SSO access layer for service url u'https://login.ubuntu.com/api/1.0/'
2014-11-23 10:42:43,722:722.918987274 - ubuntu_sso.credentials - INFO - find_credentials: self.app_name dbus.String(u'Ubuntu Software Center'), result is {}? True
2014-11-23 10:42:43,723:723.257064819 - ubuntu_sso.main - INFO - 'CredentialsManagement': emitting 'CredentialsNotFound' with args (dbus.String(u'Ubuntu Software Center'),) and kwargs {}
2014-11-23 10:42:53,734:734.044075012 - ubuntu_sso.main - INFO - Shutting down, calling <function shutdown_func at 0x7f019eb2f398>.
2014-11-23 10:47:44,595:595.588922501 - ubuntu_sso.utils.translation - WARNING - Translations not found, using null translator.
2014-11-23 10:47:44,616:616.952896118 - ubuntu_sso.main - INFO - Setting up Ubuntu SSO service.
2014-11-23 10:47:44,623:623.205900192 - ubuntu_sso.main - INFO - Ubuntu SSO service started.
2014-11-23 10:47:44,623:623.730897903 - ubuntu_sso.account - INFO - Creating a new SSO access layer for service url u'https://login.ubuntu.com/api/1.0/'
2014-11-23 10:47:44,635:635.682106018 - ubuntu_sso.credentials - INFO - find_credentials: self.app_name dbus.String(u'Ubuntu Software Center'), result is {}? True
2014-11-23 10:47:44,636:636.018037796 - ubuntu_sso.main - INFO - 'CredentialsManagement': emitting 'CredentialsNotFound' with args (dbus.String(u'Ubuntu Software Center'),) and kwargs {}
2014-11-23 10:47:54,646:646.470069885 - ubuntu_sso.main - INFO - Shutting down, calling <function shutdown_func at 0x7f4a82d91398>.
2014-11-27 08:49:41,269:269.364118576 - ubuntu_sso.utils.translation - WARNING - Translations not found, using null translator.
2014-11-27 08:49:41,433:433.093070984 - ubuntu_sso.main - INFO - Setting up Ubuntu SSO service.
2014-11-27 08:49:41,462:462.728023529 - ubuntu_sso.main - INFO - Ubuntu SSO service started.
2014-11-27 08:49:41,462:462.932109833 - ubuntu_sso.account - INFO - Creating a new SSO access layer for service url u'https://login.ubuntu.com/api/1.0/'
2014-11-27 08:49:41,480:480.149030685 - ubuntu_sso.credentials - INFO - find_credentials: self.app_name dbus.String(u'Ubuntu One'), result is {}? True
2014-11-27 08:49:41,480:480.489015579 - ubuntu_sso.main - INFO - 'CredentialsManagement': emitting 'CredentialsNotFound' with args (dbus.String(u'Ubuntu One'),) and kwargs {}
2014-11-27 08:49:49,450:450.618028641 - ubuntu_sso.credentials - INFO - find_credentials: self.app_name dbus.String(u'Ubuntu One'), result is {}? True
2014-11-27 08:49:49,450:450.948953629 - ubuntu_sso.main - INFO - 'CredentialsManagement': emitting 'CredentialsNotFound' with args (dbus.String(u'Ubuntu One'),) and kwargs {}
2014-11-27 08:49:51,483:483.63494873 - ubuntu_sso.main - INFO - Shutting down, calling <function shutdown_func at 0x7f3d1566a398>.
2014-12-30 19:10:23,370:370.630025864 - ubuntu_sso.utils.translation - WARNING - Translations not found, using null translator.
2014-12-30 19:10:23,666:666.671991348 - ubuntu_sso.main - INFO - Setting up Ubuntu SSO service.
2014-12-30 19:10:23,803:803.927898407 - ubuntu_sso.main - INFO - Ubuntu SSO service started.
2014-12-30 19:10:23,804:804.131031036 - ubuntu_sso.account - INFO - Creating a new SSO access layer for service url u'https://login.ubuntu.com/api/1.0/'
2014-12-30 19:10:23,821:821.986913681 - ubuntu_sso.credentials - INFO - find_credentials: self.app_name dbus.String(u'Ubuntu One'), result is {}? True
2014-12-30 19:10:23,822:822.376966476 - ubuntu_sso.main - INFO - 'CredentialsManagement': emitting 'CredentialsNotFound' with args (dbus.String(u'Ubuntu One'),) and kwargs {}
2014-12-30 19:10:32,200:200.491905212 - ubuntu_sso.credentials - INFO - find_credentials: self.app_name dbus.String(u'Ubuntu One'), result is {}? True
2014-12-30 19:10:32,200:200.860023499 - ubuntu_sso.main - INFO - 'CredentialsManagement': emitting 'CredentialsNotFound' with args (dbus.String(u'Ubuntu One'),) and kwargs {}
2014-12-30 19:10:33,824:824.767112732 - ubuntu_sso.main - INFO - Shutting down, calling <function shutdown_func at 0x7fb830d93398>.
2015-01-06 11:14:33,933:933.42590332 - ubuntu_sso.utils.translation - WARNING - Translations not found, using null translator.
2015-01-06 11:14:34,226:226.064920425 - ubuntu_sso.main - INFO - Setting up Ubuntu SSO service.
2015-01-06 11:14:34,368:368.041992188 - ubuntu_sso.main - INFO - Ubuntu SSO service started.
2015-01-06 11:14:34,368:368.663072586 - ubuntu_sso.account - INFO - Creating a new SSO access layer for service url u'https://login.ubuntu.com/api/1.0/'
2015-01-06 11:14:34,384:384.948968887 - ubuntu_sso.credentials - INFO - find_credentials: self.app_name dbus.String(u'Ubuntu One'), result is {}? True
2015-01-06 11:14:34,385:385.281085968 - ubuntu_sso.main - INFO - 'CredentialsManagement': emitting 'CredentialsNotFound' with args (dbus.String(u'Ubuntu One'),) and kwargs {}
2015-01-06 11:14:44,393:393.359899521 - ubuntu_sso.main - INFO - Shutting down, calling <function shutdown_func at 0x7f11cf770398>.
2015-01-06 11:14:44,652:652.043104172 - ubuntu_sso.utils.translation - WARNING - Translations not found, using null translator.
2015-01-06 11:14:44,670:670.881032944 - ubuntu_sso.main - INFO - Setting up Ubuntu SSO service.
2015-01-06 11:14:44,680:680.392026901 - ubuntu_sso.main - INFO - Ubuntu SSO service started.
2015-01-06 11:14:44,680:680.639028549 - ubuntu_sso.account - INFO - Creating a new SSO access layer for service url u'https://login.ubuntu.com/api/1.0/'
2015-01-06 11:14:44,699:699.773073196 - ubuntu_sso.credentials - INFO - find_credentials: self.app_name dbus.String(u'Ubuntu One'), result is {}? True
2015-01-06 11:14:44,700:700.195074081 - ubuntu_sso.main - INFO - 'CredentialsManagement': emitting 'CredentialsNotFound' with args (dbus.String(u'Ubuntu One'),) and kwargs {}
2015-01-06 11:14:54,710:710.171937943 - ubuntu_sso.main - INFO - Shutting down, calling <function shutdown_func at 0x7fa8eaef4398>.
2015-01-07 11:29:35,507:507.926940918 - ubuntu_sso.utils.translation - WARNING - Translations not found, using null translator.
2015-01-07 11:29:35,801:801.654100418 - ubuntu_sso.main - INFO - Setting up Ubuntu SSO service.
2015-01-07 11:29:35,954:954.308986664 - ubuntu_sso.main - INFO - Ubuntu SSO service started.
2015-01-07 11:29:35,954:954.597949982 - ubuntu_sso.account - INFO - Creating a new SSO access layer for service url u'https://login.ubuntu.com/api/1.0/'
2015-01-07 11:29:35,974:974.19500351 - ubuntu_sso.credentials - INFO - find_credentials: self.app_name dbus.String(u'Ubuntu One'), result is {}? True
2015-01-07 11:29:35,974:974.519968033 - ubuntu_sso.main - INFO - 'CredentialsManagement': emitting 'CredentialsNotFound' with args (dbus.String(u'Ubuntu One'),) and kwargs {}
2015-01-07 11:29:45,772:772.757053375 - ubuntu_sso.credentials - INFO - find_credentials: self.app_name dbus.String(u'Ubuntu One'), result is {}? True
2015-01-07 11:29:45,773:773.027896881 - ubuntu_sso.main - INFO - 'CredentialsManagement': emitting 'CredentialsNotFound' with args (dbus.String(u'Ubuntu One'),) and kwargs {}
2015-01-07 11:29:45,976:976.155042648 - ubuntu_sso.main - INFO - Shutting down, calling <function shutdown_func at 0x7fb111f38398>.
2015-01-07 11:48:13,007:7.75504112244 - ubuntu_sso.utils.translation - WARNING - Translations not found, using null translator.
2015-01-07 11:48:13,027:27.9018878937 - ubuntu_sso.main - INFO - Setting up Ubuntu SSO service.
2015-01-07 11:48:13,035:35.8469486237 - ubuntu_sso.main - INFO - Ubuntu SSO service started.
2015-01-07 11:48:13,036:36.3149642944 - ubuntu_sso.account - INFO - Creating a new SSO access layer for service url u'https://login.ubuntu.com/api/1.0/'
2015-01-07 11:48:13,057:57.7480792999 - ubuntu_sso.credentials - INFO - find_credentials: self.app_name dbus.String(u'Ubuntu One'), result is {}? True
2015-01-07 11:48:13,058:58.079957962 - ubuntu_sso.main - INFO - 'CredentialsManagement': emitting 'CredentialsNotFound' with args (dbus.String(u'Ubuntu One'),) and kwargs {}
2015-01-07 11:48:18,424:424.010038376 - ubuntu_sso.credentials - INFO - find_credentials: self.app_name dbus.String(u'Ubuntu One'), result is {}? True
2015-01-07 11:48:18,424:424.581050873 - ubuntu_sso.main - INFO - 'CredentialsManagement': emitting 'CredentialsNotFound' with args (dbus.String(u'Ubuntu One'),) and kwargs {}
2015-01-07 11:48:23,063:63.2259845734 - ubuntu_sso.main - INFO - Shutting down, calling <function shutdown_func at 0x7fa9615f1398>.
2015-01-07 12:08:32,811:811.542034149 - ubuntu_sso.utils.translation - WARNING - Translations not found, using null translator.
2015-01-07 12:08:32,830:830.642938614 - ubuntu_sso.main - INFO - Setting up Ubuntu SSO service.
2015-01-07 12:08:32,839:839.708089828 - ubuntu_sso.main - INFO - Ubuntu SSO service started.
2015-01-07 12:08:32,839:839.925050735 - ubuntu_sso.account - INFO - Creating a new SSO access layer for service url u'https://login.ubuntu.com/api/1.0/'
2015-01-07 12:08:32,850:850.500106812 - ubuntu_sso.credentials - INFO - find_credentials: self.app_name dbus.String(u'Ubuntu Software Center'), result is {}? True
2015-01-07 12:08:32,850:850.832939148 - ubuntu_sso.main - INFO - 'CredentialsManagement': emitting 'CredentialsNotFound' with args (dbus.String(u'Ubuntu Software Center'),) and kwargs {}
2015-01-07 12:08:42,860:860.606908798 - ubuntu_sso.main - INFO - Shutting down, calling <function shutdown_func at 0x7fed9e517398>.
2015-01-07 12:13:32,802:802.565097809 - ubuntu_sso.utils.translation - WARNING - Translations not found, using null translator.
2015-01-07 12:13:32,821:821.392059326 - ubuntu_sso.main - INFO - Setting up Ubuntu SSO service.
2015-01-07 12:13:32,828:828.393936157 - ubuntu_sso.main - INFO - Ubuntu SSO service started.
2015-01-07 12:13:32,828:828.64689827 - ubuntu_sso.account - INFO - Creating a new SSO access layer for service url u'https://login.ubuntu.com/api/1.0/'
2015-01-07 12:13:32,838:838.814973831 - ubuntu_sso.credentials - INFO - find_credentials: self.app_name dbus.String(u'Ubuntu Software Center'), result is {}? True
2015-01-07 12:13:32,839:839.090108871 - ubuntu_sso.main - INFO - 'CredentialsManagement': emitting 'CredentialsNotFound' with args (dbus.String(u'Ubuntu Software Center'),) and kwargs {}
2015-01-07 12:13:42,840:840.637922287 - ubuntu_sso.main - INFO - Shutting down, calling <function shutdown_func at 0x7f500e3f6398>.
2015-01-07 12:18:32,799:799.797058105 - ubuntu_sso.utils.translation - WARNING - Translations not found, using null translator.
2015-01-07 12:18:32,818:818.424940109 - ubuntu_sso.main - INFO - Setting up Ubuntu SSO service.
2015-01-07 12:18:32,825:825.742006302 - ubuntu_sso.main - INFO - Ubuntu SSO service started.
2015-01-07 12:18:32,825:825.983047485 - ubuntu_sso.account - INFO - Creating a new SSO access layer for service url u'https://login.ubuntu.com/api/1.0/'
2015-01-07 12:18:32,838:838.488101959 - ubuntu_sso.credentials - INFO - find_credentials: self.app_name dbus.String(u'Ubuntu Software Center'), result is {}? True
2015-01-07 12:18:32,838:838.82188797 - ubuntu_sso.main - INFO - 'CredentialsManagement': emitting 'CredentialsNotFound' with args (dbus.String(u'Ubuntu Software Center'),) and kwargs {}
2015-01-07 12:18:42,847:847.295045853 - ubuntu_sso.main - INFO - Shutting down, calling <function shutdown_func at 0x7f289bc19398>.
2015-01-07 12:37:07,837:837.599992752 - ubuntu_sso.utils.translation - WARNING - Translations not found, using null translator.
2015-01-07 12:37:07,857:857.443094254 - ubuntu_sso.main - INFO - Setting up Ubuntu SSO service.
2015-01-07 12:37:07,864:864.252090454 - ubuntu_sso.main - INFO - Ubuntu SSO service started.
2015-01-07 12:37:07,864:864.521980286 - ubuntu_sso.account - INFO - Creating a new SSO access layer for service url u'https://login.ubuntu.com/api/1.0/'
2015-01-07 12:37:07,881:881.201982498 - ubuntu_sso.credentials - INFO - find_credentials: self.app_name dbus.String(u'Ubuntu One'), result is {}? True
2015-01-07 12:37:07,881:881.620883942 - ubuntu_sso.main - INFO - 'CredentialsManagement': emitting 'CredentialsNotFound' with args (dbus.String(u'Ubuntu One'),) and kwargs {}
2015-01-07 12:37:13,270:270.382881165 - ubuntu_sso.credentials - INFO - find_credentials: self.app_name dbus.String(u'Ubuntu One'), result is {}? True
2015-01-07 12:37:13,270:270.667076111 - ubuntu_sso.main - INFO - 'CredentialsManagement': emitting 'CredentialsNotFound' with args (dbus.String(u'Ubuntu One'),) and kwargs {}
2015-01-07 12:37:17,885:885.798931122 - ubuntu_sso.main - INFO - Shutting down, calling <function shutdown_func at 0x7fcbe78ac398>.
2015-01-07 12:43:44,667:667.654037476 - ubuntu_sso.utils.translation - WARNING - Translations not found, using null translator.
2015-01-07 12:43:44,686:686.439037323 - ubuntu_sso.main - INFO - Setting up Ubuntu SSO service.
2015-01-07 12:43:44,694:694.572925568 - ubuntu_sso.main - INFO - Ubuntu SSO service started.
2015-01-07 12:43:44,695:695.305109024 - ubuntu_sso.account - INFO - Creating a new SSO access layer for service url u'https://login.ubuntu.com/api/1.0/'
2015-01-07 12:43:44,707:707.149982452 - ubuntu_sso.credentials - INFO - find_credentials: self.app_name dbus.String(u'Ubuntu Software Center'), result is {}? True
2015-01-07 12:43:44,707:707.509994507 - ubuntu_sso.main - INFO - 'CredentialsManagement': emitting 'CredentialsNotFound' with args (dbus.String(u'Ubuntu Software Center'),) and kwargs {}
2015-01-07 12:43:54,717:717.722892761 - ubuntu_sso.main - INFO - Shutting down, calling <function shutdown_func at 0x7f78de5e7398>.
2015-01-07 12:48:44,658:658.174991608 - ubuntu_sso.utils.translation - WARNING - Translations not found, using null translator.
2015-01-07 12:48:44,677:677.350997925 - ubuntu_sso.main - INFO - Setting up Ubuntu SSO service.
2015-01-07 12:48:44,683:683.712005615 - ubuntu_sso.main - INFO - Ubuntu SSO service started.
2015-01-07 12:48:44,683:683.98308754 - ubuntu_sso.account - INFO - Creating a new SSO access layer for service url u'https://login.ubuntu.com/api/1.0/'
2015-01-07 12:48:44,693:693.356990814 - ubuntu_sso.credentials - INFO - find_credentials: self.app_name dbus.String(u'Ubuntu Software Center'), result is {}? True
2015-01-07 12:48:44,693:693.638086319 - ubuntu_sso.main - INFO - 'CredentialsManagement': emitting 'CredentialsNotFound' with args (dbus.String(u'Ubuntu Software Center'),) and kwargs {}
2015-01-07 12:48:54,703:703.303098679 - ubuntu_sso.main - INFO - Shutting down, calling <function shutdown_func at 0x7fa70de9d398>.
2015-01-07 13:10:24,588:588.315963745 - ubuntu_sso.utils.translation - WARNING - Translations not found, using null translator.
2015-01-07 13:10:24,608:608.005046844 - ubuntu_sso.main - INFO - Setting up Ubuntu SSO service.
2015-01-07 13:10:24,616:616.522073746 - ubuntu_sso.main - INFO - Ubuntu SSO service started.
2015-01-07 13:10:24,616:616.755008698 - ubuntu_sso.account - INFO - Creating a new SSO access layer for service url u'https://login.ubuntu.com/api/1.0/'
2015-01-07 13:10:24,628:628.032922745 - ubuntu_sso.credentials - INFO - find_credentials: self.app_name dbus.String(u'Ubuntu Software Center'), result is {}? True
2015-01-07 13:10:24,628:628.36098671 - ubuntu_sso.main - INFO - 'CredentialsManagement': emitting 'CredentialsNotFound' with args (dbus.String(u'Ubuntu Software Center'),) and kwargs {}
2015-01-07 13:10:34,632:632.10606575 - ubuntu_sso.main - INFO - Shutting down, calling <function shutdown_func at 0x7ffb9d3f4398>.
2015-01-07 13:15:24,570:570.759057999 - ubuntu_sso.utils.translation - WARNING - Translations not found, using null translator.
2015-01-07 13:15:24,589:589.730978012 - ubuntu_sso.main - INFO - Setting up Ubuntu SSO service.
2015-01-07 13:15:24,596:596.822023392 - ubuntu_sso.main - INFO - Ubuntu SSO service started.
2015-01-07 13:15:24,597:597.071886063 - ubuntu_sso.account - INFO - Creating a new SSO access layer for service url u'https://login.ubuntu.com/api/1.0/'
2015-01-07 13:15:24,606:606.673955917 - ubuntu_sso.credentials - INFO - find_credentials: self.app_name dbus.String(u'Ubuntu Software Center'), result is {}? True
2015-01-07 13:15:24,606:606.97388649 - ubuntu_sso.main - INFO - 'CredentialsManagement': emitting 'CredentialsNotFound' with args (dbus.String(u'Ubuntu Software Center'),) and kwargs {}
2015-01-07 13:15:34,616:616.669893265 - ubuntu_sso.main - INFO - Shutting down, calling <function shutdown_func at 0x7fb80b08f398>.
2015-01-07 13:28:24,585:585.758924484 - ubuntu_sso.utils.translation - WARNING - Translations not found, using null translator.
2015-01-07 13:28:24,604:604.726076126 - ubuntu_sso.main - INFO - Setting up Ubuntu SSO service.
2015-01-07 13:28:24,612:612.879991531 - ubuntu_sso.main - INFO - Ubuntu SSO service started.
2015-01-07 13:28:24,613:613.24095726 - ubuntu_sso.account - INFO - Creating a new SSO access layer for service url u'https://login.ubuntu.com/api/1.0/'
2015-01-07 13:28:24,627:627.310991287 - ubuntu_sso.credentials - INFO - find_credentials: self.app_name dbus.String(u'Ubuntu Software Center'), result is {}? True
2015-01-07 13:28:24,627:627.686977386 - ubuntu_sso.main - INFO - 'CredentialsManagement': emitting 'CredentialsNotFound' with args (dbus.String(u'Ubuntu Software Center'),) and kwargs {}
2015-01-07 13:28:34,637:637.463092804 - ubuntu_sso.main - INFO - Shutting down, calling <function shutdown_func at 0x7f4af3a06398>.
2015-01-07 13:33:24,570:570.597887039 - ubuntu_sso.utils.translation - WARNING - Translations not found, using null translator.
2015-01-07 13:33:24,589:589.395999908 - ubuntu_sso.main - INFO - Setting up Ubuntu SSO service.
2015-01-07 13:33:24,597:597.944021225 - ubuntu_sso.main - INFO - Ubuntu SSO service started.
2015-01-07 13:33:24,598:598.29211235 - ubuntu_sso.account - INFO - Creating a new SSO access layer for service url u'https://login.ubuntu.com/api/1.0/'
2015-01-07 13:33:24,611:611.195087433 - ubuntu_sso.credentials - INFO - find_credentials: self.app_name dbus.String(u'Ubuntu Software Center'), result is {}? True
2015-01-07 13:33:24,611:611.515045166 - ubuntu_sso.main - INFO - 'CredentialsManagement': emitting 'CredentialsNotFound' with args (dbus.String(u'Ubuntu Software Center'),) and kwargs {}
2015-01-07 13:33:34,621:621.262073517 - ubuntu_sso.main - INFO - Shutting down, calling <function shutdown_func at 0x7faa190ba398>.
2015-01-07 13:40:24,584:584.845066071 - ubuntu_sso.utils.translation - WARNING - Translations not found, using null translator.
2015-01-07 13:40:24,604:604.943990707 - ubuntu_sso.main - INFO - Setting up Ubuntu SSO service.
2015-01-07 13:40:24,610:610.816955566 - ubuntu_sso.main - INFO - Ubuntu SSO service started.
2015-01-07 13:40:24,611:611.030101776 - ubuntu_sso.account - INFO - Creating a new SSO access layer for service url u'https://login.ubuntu.com/api/1.0/'
2015-01-07 13:40:24,619:619.081020355 - ubuntu_sso.credentials - INFO - find_credentials: self.app_name dbus.String(u'Ubuntu Software Center'), result is {}? True
2015-01-07 13:40:24,619:619.339942932 - ubuntu_sso.main - INFO - 'CredentialsManagement': emitting 'CredentialsNotFound' with args (dbus.String(u'Ubuntu Software Center'),) and kwargs {}
2015-01-07 13:40:34,629:629.043102264 - ubuntu_sso.main - INFO - Shutting down, calling <function shutdown_func at 0x7f3f4ef52398>.
2015-01-07 13:45:24,572:572.277069092 - ubuntu_sso.utils.translation - WARNING - Translations not found, using null translator.
2015-01-07 13:45:24,638:638.628959656 - ubuntu_sso.main - INFO - Setting up Ubuntu SSO service.
2015-01-07 13:45:24,660:660.478115082 - ubuntu_sso.main - INFO - Ubuntu SSO service started.
2015-01-07 13:45:24,660:660.928010941 - ubuntu_sso.account - INFO - Creating a new SSO access layer for service url u'https://login.ubuntu.com/api/1.0/'
2015-01-07 13:45:24,671:671.751976013 - ubuntu_sso.credentials - INFO - find_credentials: self.app_name dbus.String(u'Ubuntu Software Center'), result is {}? True
2015-01-07 13:45:24,672:672.072887421 - ubuntu_sso.main - INFO - 'CredentialsManagement': emitting 'CredentialsNotFound' with args (dbus.String(u'Ubuntu Software Center'),) and kwargs {}
2015-01-07 13:45:34,681:681.85210228 - ubuntu_sso.main - INFO - Shutting down, calling <function shutdown_func at 0x7f9252dd5398>.
2015-01-07 13:50:24,582:582.722902298 - ubuntu_sso.utils.translation - WARNING - Translations not found, using null translator.
2015-01-07 13:50:24,601:601.773023605 - ubuntu_sso.main - INFO - Setting up Ubuntu SSO service.
2015-01-07 13:50:24,609:609.812021255 - ubuntu_sso.main - INFO - Ubuntu SSO service started.
2015-01-07 13:50:24,610:610.085964203 - ubuntu_sso.account - INFO - Creating a new SSO access layer for service url u'https://login.ubuntu.com/api/1.0/'
2015-01-07 13:50:24,619:619.860887527 - ubuntu_sso.credentials - INFO - find_credentials: self.app_name dbus.String(u'Ubuntu Software Center'), result is {}? True
2015-01-07 13:50:24,620:620.158910751 - ubuntu_sso.main - INFO - 'CredentialsManagement': emitting 'CredentialsNotFound' with args (dbus.String(u'Ubuntu Software Center'),) and kwargs {}
2015-01-07 13:50:34,620:620.589017868 - ubuntu_sso.main - INFO - Shutting down, calling <function shutdown_func at 0x7fae8d54d398>.
2015-01-07 13:55:24,617:617.825984955 - ubuntu_sso.utils.translation - WARNING - Translations not found, using null translator.
2015-01-07 13:55:24,666:666.81599617 - ubuntu_sso.main - INFO - Setting up Ubuntu SSO service.
2015-01-07 13:55:24,703:703.815937042 - ubuntu_sso.main - INFO - Ubuntu SSO service started.
2015-01-07 13:55:24,704:704.086065292 - ubuntu_sso.account - INFO - Creating a new SSO access layer for service url u'https://login.ubuntu.com/api/1.0/'
2015-01-07 13:55:24,717:717.572927475 - ubuntu_sso.credentials - INFO - find_credentials: self.app_name dbus.String(u'Ubuntu Software Center'), result is {}? True
2015-01-07 13:55:24,717:717.895030975 - ubuntu_sso.main - INFO - 'CredentialsManagement': emitting 'CredentialsNotFound' with args (dbus.String(u'Ubuntu Software Center'),) and kwargs {}
2015-01-07 13:55:34,727:727.653980255 - ubuntu_sso.main - INFO - Shutting down, calling <function shutdown_func at 0x7f70fc50f398>.
2015-01-07 17:26:15,075:75.2010345459 - ubuntu_sso.utils.translation - WARNING - Translations not found, using null translator.
2015-01-07 17:26:15,173:173.564910889 - ubuntu_sso.main - INFO - Setting up Ubuntu SSO service.
2015-01-07 17:26:15,187:187.444925308 - ubuntu_sso.main - INFO - Ubuntu SSO service started.
2015-01-07 17:26:15,188:188.015937805 - ubuntu_sso.account - INFO - Creating a new SSO access layer for service url u'https://login.ubuntu.com/api/1.0/'
2015-01-07 17:26:15,204:204.330921173 - ubuntu_sso.credentials - INFO - find_credentials: self.app_name dbus.String(u'Ubuntu Software Center'), result is {}? True
2015-01-07 17:26:15,214:214.241027832 - ubuntu_sso.main - INFO - 'CredentialsManagement': emitting 'CredentialsNotFound' with args (dbus.String(u'Ubuntu Software Center'),) and kwargs {}
2015-01-07 17:26:25,224:224.560976028 - ubuntu_sso.main - INFO - Shutting down, calling <function shutdown_func at 0x7fe243861398>.
2015-01-07 17:31:15,976:976.957082748 - ubuntu_sso.utils.translation - WARNING - Translations not found, using null translator.
2015-01-07 17:31:16,029:29.8359394073 - ubuntu_sso.main - INFO - Setting up Ubuntu SSO service.
2015-01-07 17:31:16,043:43.0219173431 - ubuntu_sso.main - INFO - Ubuntu SSO service started.
2015-01-07 17:31:16,043:43.5729026794 - ubuntu_sso.account - INFO - Creating a new SSO access layer for service url u'https://login.ubuntu.com/api/1.0/'
2015-01-07 17:31:16,060:60.5630874634 - ubuntu_sso.credentials - INFO - find_credentials: self.app_name dbus.String(u'Ubuntu Software Center'), result is {}? True
2015-01-07 17:31:16,061:61.2020492554 - ubuntu_sso.main - INFO - 'CredentialsManagement': emitting 'CredentialsNotFound' with args (dbus.String(u'Ubuntu Software Center'),) and kwargs {}
2015-01-07 17:31:26,071:71.319103241 - ubuntu_sso.main - INFO - Shutting down, calling <function shutdown_func at 0x7ff71b1f9398>.
2015-01-07 20:51:04,048:48.9239692688 - ubuntu_sso.utils.translation - WARNING - Translations not found, using null translator.
2015-01-07 20:51:04,067:67.7890777588 - ubuntu_sso.main - INFO - Setting up Ubuntu SSO service.
2015-01-07 20:51:04,078:78.0129432678 - ubuntu_sso.main - INFO - Ubuntu SSO service started.
2015-01-07 20:51:04,078:78.339099884 - ubuntu_sso.account - INFO - Creating a new SSO access layer for service url u'https://login.ubuntu.com/api/1.0/'
2015-01-07 20:51:04,089:89.3530845642 - ubuntu_sso.credentials - INFO - find_credentials: self.app_name dbus.String(u'Ubuntu Software Center'), result is {}? True
2015-01-07 20:51:04,089:89.7190570831 - ubuntu_sso.main - INFO - 'CredentialsManagement': emitting 'CredentialsNotFound' with args (dbus.String(u'Ubuntu Software Center'),) and kwargs {}
2015-01-07 20:51:14,099:99.5280742645 - ubuntu_sso.main - INFO - Shutting down, calling <function shutdown_func at 0x7f0501ad3398>.
2015-01-08 06:38:54,127:127.032995224 - ubuntu_sso.utils.translation - WARNING - Translations not found, using null translator.
2015-01-08 06:38:54,434:434.009075165 - ubuntu_sso.main - INFO - Setting up Ubuntu SSO service.
2015-01-08 06:38:54,574:574.265003204 - ubuntu_sso.main - INFO - Ubuntu SSO service started.
2015-01-08 06:38:54,574:574.474096298 - ubuntu_sso.account - INFO - Creating a new SSO access layer for service url u'https://login.ubuntu.com/api/1.0/'
2015-01-08 06:38:54,584:584.33008194 - ubuntu_sso.credentials - INFO - find_credentials: self.app_name dbus.String(u'Ubuntu Software Center'), result is {}? True
2015-01-08 06:38:54,584:584.57493782 - ubuntu_sso.main - INFO - 'CredentialsManagement': emitting 'CredentialsNotFound' with args (dbus.String(u'Ubuntu Software Center'),) and kwargs {}
2015-01-08 06:39:04,595:595.475912094 - ubuntu_sso.main - INFO - Shutting down, calling <function shutdown_func at 0x7f902373b398>.
2015-01-08 06:43:54,847:847.290039062 - ubuntu_sso.utils.translation - WARNING - Translations not found, using null translator.
2015-01-08 06:43:54,866:866.369962692 - ubuntu_sso.main - INFO - Setting up Ubuntu SSO service.
2015-01-08 06:43:54,874:874.824047089 - ubuntu_sso.main - INFO - Ubuntu SSO service started.
2015-01-08 06:43:54,875:875.282049179 - ubuntu_sso.account - INFO - Creating a new SSO access layer for service url u'https://login.ubuntu.com/api/1.0/'
2015-01-08 06:43:54,885:885.600090027 - ubuntu_sso.credentials - INFO - find_credentials: self.app_name dbus.String(u'Ubuntu Software Center'), result is {}? True
2015-01-08 06:43:54,885:885.864973068 - ubuntu_sso.main - INFO - 'CredentialsManagement': emitting 'CredentialsNotFound' with args (dbus.String(u'Ubuntu Software Center'),) and kwargs {}
2015-01-08 06:44:04,895:895.549058914 - ubuntu_sso.main - INFO - Shutting down, calling <function shutdown_func at 0x7f76c4e23398>.
